{"D:\\SchoolWebsite\\school-app\\src\\App.tsx": {"path":"D:\\SchoolWebsite\\school-app\\src\\App.tsx","statementMap":{"0":{"start":{"line":20,"column":19},"end":{"line":20,"column":70}},"1":{"start":{"line":20,"column":30},"end":{"line":20,"column":69}},"2":{"start":{"line":21,"column":16},"end":{"line":21,"column":64}},"3":{"start":{"line":21,"column":27},"end":{"line":21,"column":63}},"4":{"start":{"line":22,"column":18},"end":{"line":22,"column":68}},"5":{"start":{"line":22,"column":29},"end":{"line":22,"column":67}},"6":{"start":{"line":26,"column":2},"end":{"line":54,"column":4}}},"fnMap":{"0":{"name":"(anonymous_0)","decl":{"start":{"line":20,"column":24},"end":{"line":20,"column":25}},"loc":{"start":{"line":20,"column":30},"end":{"line":20,"column":69}},"line":20},"1":{"name":"(anonymous_1)","decl":{"start":{"line":21,"column":21},"end":{"line":21,"column":22}},"loc":{"start":{"line":21,"column":27},"end":{"line":21,"column":63}},"line":21},"2":{"name":"(anonymous_2)","decl":{"start":{"line":22,"column":23},"end":{"line":22,"column":24}},"loc":{"start":{"line":22,"column":29},"end":{"line":22,"column":67}},"line":22},"3":{"name":"App","decl":{"start":{"line":25,"column":9},"end":{"line":25,"column":12}},"loc":{"start":{"line":25,"column":15},"end":{"line":55,"column":1}},"line":25}},"branchMap":{},"s":{"0":1,"1":0,"2":1,"3":0,"4":1,"5":0,"6":1},"f":{"0":0,"1":0,"2":0,"3":1},"b":{},"_coverageSchema":"1a1c01bbd47fc00a2c39e90264f33305004495a9","hash":"a07d7731c698eee0c3c6f15861e2ae11b8288703"}
,"D:\\SchoolWebsite\\school-app\\src\\components\\Footer.tsx": {"path":"D:\\SchoolWebsite\\school-app\\src\\components\\Footer.tsx","statementMap":{"0":{"start":{"line":3,"column":15},"end":{"line":41,"column":1}},"1":{"start":{"line":4,"column":4},"end":{"line":40,"column":5}}},"fnMap":{"0":{"name":"(anonymous_0)","decl":{"start":{"line":3,"column":15},"end":{"line":3,"column":16}},"loc":{"start":{"line":3,"column":21},"end":{"line":41,"column":1}},"line":3}},"branchMap":{},"s":{"0":2,"1":2},"f":{"0":2},"b":{},"_coverageSchema":"1a1c01bbd47fc00a2c39e90264f33305004495a9","hash":"65a48932af28076d9dae34b02ae7ce158f816391"}
,"D:\\SchoolWebsite\\school-app\\src\\components\\Header.tsx": {"path":"D:\\SchoolWebsite\\school-app\\src\\components\\Header.tsx","statementMap":{"0":{"start":{"line":8,"column":15},"end":{"line":37,"column":1}},"1":{"start":{"line":9,"column":2},"end":{"line":36,"column":3}}},"fnMap":{"0":{"name":"(anonymous_0)","decl":{"start":{"line":8,"column":15},"end":{"line":8,"column":16}},"loc":{"start":{"line":8,"column":21},"end":{"line":37,"column":1}},"line":8}},"branchMap":{},"s":{"0":2,"1":2},"f":{"0":2},"b":{},"_coverageSchema":"1a1c01bbd47fc00a2c39e90264f33305004495a9","hash":"ac75ad18af6a4cbc9a493186b35549480d9138ec"}
,"D:\\SchoolWebsite\\school-app\\src\\components\\Home.tsx": {"path":"D:\\SchoolWebsite\\school-app\\src\\components\\Home.tsx","statementMap":{"0":{"start":{"line":9,"column":13},"end":{"line":82,"column":1}},"1":{"start":{"line":10,"column":4},"end":{"line":81,"column":5}}},"fnMap":{"0":{"name":"(anonymous_0)","decl":{"start":{"line":9,"column":13},"end":{"line":9,"column":14}},"loc":{"start":{"line":9,"column":19},"end":{"line":82,"column":1}},"line":9}},"branchMap":{},"s":{"0":2,"1":2},"f":{"0":2},"b":{},"_coverageSchema":"1a1c01bbd47fc00a2c39e90264f33305004495a9","hash":"42e8aa956c56787142167c8bba10d71ba849bf15"}
,"D:\\SchoolWebsite\\school-app\\src\\components\\SchoolImg.tsx": {"path":"D:\\SchoolWebsite\\school-app\\src\\components\\SchoolImg.tsx","statementMap":{"0":{"start":{"line":4,"column":18},"end":{"line":37,"column":1}},"1":{"start":{"line":5,"column":4},"end":{"line":36,"column":5}}},"fnMap":{"0":{"name":"(anonymous_0)","decl":{"start":{"line":4,"column":18},"end":{"line":4,"column":19}},"loc":{"start":{"line":4,"column":24},"end":{"line":37,"column":1}},"line":4}},"branchMap":{},"s":{"0":2,"1":2},"f":{"0":2},"b":{},"_coverageSchema":"1a1c01bbd47fc00a2c39e90264f33305004495a9","hash":"3add2824ef35ee8963d0c4b75af4bedb7054c073"}
,"D:\\SchoolWebsite\\school-app\\src\\components\\SocialFlow.tsx": {"path":"D:\\SchoolWebsite\\school-app\\src\\components\\SocialFlow.tsx","statementMap":{"0":{"start":{"line":11,"column":4},"end":{"line":37,"column":6}}},"fnMap":{"0":{"name":"SocialFlow","decl":{"start":{"line":10,"column":24},"end":{"line":10,"column":34}},"loc":{"start":{"line":10,"column":37},"end":{"line":38,"column":1}},"line":10}},"branchMap":{},"s":{"0":2},"f":{"0":2},"b":{},"_coverageSchema":"1a1c01bbd47fc00a2c39e90264f33305004495a9","hash":"4d761abeda997c913157a17fc5aa2aade5c53edb"}
,"D:\\SchoolWebsite\\school-app\\src\\components\\pages\\AboutUs.tsx": {"path":"D:\\SchoolWebsite\\school-app\\src\\components\\pages\\AboutUs.tsx","statementMap":{"0":{"start":{"line":6,"column":16},"end":{"line":51,"column":1}},"1":{"start":{"line":7,"column":4},"end":{"line":50,"column":5}}},"fnMap":{"0":{"name":"(anonymous_0)","decl":{"start":{"line":6,"column":16},"end":{"line":6,"column":17}},"loc":{"start":{"line":6,"column":22},"end":{"line":51,"column":1}},"line":6}},"branchMap":{},"s":{"0":2,"1":1},"f":{"0":1},"b":{},"_coverageSchema":"1a1c01bbd47fc00a2c39e90264f33305004495a9","hash":"1c47171e9fc2a3c673c7504a3fc715a53f8a5fe9"}
,"D:\\SchoolWebsite\\school-app\\src\\components\\pages\\Admission.tsx": {"path":"D:\\SchoolWebsite\\school-app\\src\\components\\pages\\Admission.tsx","statementMap":{"0":{"start":{"line":14,"column":18},"end":{"line":81,"column":1}},"1":{"start":{"line":15,"column":38},"end":{"line":15,"column":53}},"2":{"start":{"line":16,"column":19},"end":{"line":19,"column":5}},"3":{"start":{"line":17,"column":8},"end":{"line":17,"column":61}},"4":{"start":{"line":17,"column":31},"end":{"line":17,"column":59}},"5":{"start":{"line":20,"column":21},"end":{"line":20,"column":34}},"6":{"start":{"line":22,"column":4},"end":{"line":26,"column":10}},"7":{"start":{"line":23,"column":8},"end":{"line":25,"column":61}},"8":{"start":{"line":24,"column":32},"end":{"line":24,"column":66}},"9":{"start":{"line":25,"column":25},"end":{"line":25,"column":60}},"10":{"start":{"line":29,"column":4},"end":{"line":80,"column":5}},"11":{"start":{"line":54,"column":78},"end":{"line":54,"column":96}},"12":{"start":{"line":60,"column":30},"end":{"line":60,"column":49}}},"fnMap":{"0":{"name":"(anonymous_0)","decl":{"start":{"line":14,"column":18},"end":{"line":14,"column":19}},"loc":{"start":{"line":14,"column":38},"end":{"line":81,"column":1}},"line":14},"1":{"name":"(anonymous_1)","decl":{"start":{"line":16,"column":31},"end":{"line":16,"column":32}},"loc":{"start":{"line":16,"column":53},"end":{"line":18,"column":5}},"line":16},"2":{"name":"(anonymous_2)","decl":{"start":{"line":22,"column":14},"end":{"line":22,"column":15}},"loc":{"start":{"line":22,"column":20},"end":{"line":26,"column":5}},"line":22},"3":{"name":"(anonymous_3)","decl":{"start":{"line":24,"column":18},"end":{"line":24,"column":19}},"loc":{"start":{"line":24,"column":32},"end":{"line":24,"column":66}},"line":24},"4":{"name":"(anonymous_4)","decl":{"start":{"line":25,"column":19},"end":{"line":25,"column":20}},"loc":{"start":{"line":25,"column":25},"end":{"line":25,"column":60}},"line":25},"5":{"name":"(anonymous_5)","decl":{"start":{"line":54,"column":72},"end":{"line":54,"column":73}},"loc":{"start":{"line":54,"column":78},"end":{"line":54,"column":96}},"line":54},"6":{"name":"(anonymous_6)","decl":{"start":{"line":60,"column":24},"end":{"line":60,"column":25}},"loc":{"start":{"line":60,"column":30},"end":{"line":60,"column":49}},"line":60}},"branchMap":{"0":{"loc":{"start":{"line":17,"column":8},"end":{"line":17,"column":61}},"type":"if","locations":[{"start":{"line":17,"column":8},"end":{"line":17,"column":61}},{"start":{},"end":{}}],"line":17}},"s":{"0":2,"1":3,"2":3,"3":3,"4":0,"5":3,"6":3,"7":2,"8":1,"9":1,"10":3,"11":1,"12":0},"f":{"0":3,"1":3,"2":2,"3":1,"4":1,"5":1,"6":0},"b":{"0":[0,3]},"_coverageSchema":"1a1c01bbd47fc00a2c39e90264f33305004495a9","hash":"688c0e7a61bf73eb939b6835f0302a324b2fcdab"}
,"D:\\SchoolWebsite\\school-app\\src\\components\\pages\\ContactUs.tsx": {"path":"D:\\SchoolWebsite\\school-app\\src\\components\\pages\\ContactUs.tsx","statementMap":{"0":{"start":{"line":14,"column":18},"end":{"line":54,"column":1}},"1":{"start":{"line":15,"column":4},"end":{"line":53,"column":5}}},"fnMap":{"0":{"name":"(anonymous_0)","decl":{"start":{"line":14,"column":18},"end":{"line":14,"column":19}},"loc":{"start":{"line":14,"column":24},"end":{"line":54,"column":1}},"line":14}},"branchMap":{},"s":{"0":2,"1":1},"f":{"0":1},"b":{},"_coverageSchema":"1a1c01bbd47fc00a2c39e90264f33305004495a9","hash":"3da8047d285e2ef35858402ad7ce5087190817b5"}
,"D:\\SchoolWebsite\\school-app\\src\\components\\pages\\GoogleMap.tsx": {"path":"D:\\SchoolWebsite\\school-app\\src\\components\\pages\\GoogleMap.tsx","statementMap":{"0":{"start":{"line":6,"column":18},"end":{"line":25,"column":1}},"1":{"start":{"line":7,"column":32},"end":{"line":7,"column":75}},"2":{"start":{"line":8,"column":28},"end":{"line":8,"column":40}},"3":{"start":{"line":9,"column":4},"end":{"line":24,"column":5}}},"fnMap":{"0":{"name":"(anonymous_0)","decl":{"start":{"line":6,"column":18},"end":{"line":6,"column":19}},"loc":{"start":{"line":6,"column":24},"end":{"line":25,"column":1}},"line":6}},"branchMap":{},"s":{"0":3,"1":2,"2":2,"3":2},"f":{"0":2},"b":{},"_coverageSchema":"1a1c01bbd47fc00a2c39e90264f33305004495a9","hash":"429024344cd4af79bd728a9f1c079760770c78dc"}
,"D:\\SchoolWebsite\\school-app\\src\\components\\pages\\Marker.tsx": {"path":"D:\\SchoolWebsite\\school-app\\src\\components\\pages\\Marker.tsx","statementMap":{"0":{"start":{"line":4,"column":15},"end":{"line":16,"column":1}},"1":{"start":{"line":5,"column":32},"end":{"line":5,"column":37}},"2":{"start":{"line":6,"column":4},"end":{"line":15,"column":5}}},"fnMap":{"0":{"name":"(anonymous_0)","decl":{"start":{"line":4,"column":15},"end":{"line":4,"column":16}},"loc":{"start":{"line":4,"column":31},"end":{"line":16,"column":1}},"line":4}},"branchMap":{},"s":{"0":3,"1":2,"2":2},"f":{"0":2},"b":{},"_coverageSchema":"1a1c01bbd47fc00a2c39e90264f33305004495a9","hash":"28fdec8ad42d1dd3a4e3609b68371386db1f3349"}
,"D:\\SchoolWebsite\\school-app\\src\\components\\pages\\PageNotFound.tsx": {"path":"D:\\SchoolWebsite\\school-app\\src\\components\\pages\\PageNotFound.tsx","statementMap":{"0":{"start":{"line":3,"column":21},"end":{"line":9,"column":1}},"1":{"start":{"line":4,"column":4},"end":{"line":8,"column":5}}},"fnMap":{"0":{"name":"(anonymous_0)","decl":{"start":{"line":3,"column":21},"end":{"line":3,"column":22}},"loc":{"start":{"line":3,"column":27},"end":{"line":9,"column":1}},"line":3}},"branchMap":{},"s":{"0":2,"1":1},"f":{"0":1},"b":{},"_coverageSchema":"1a1c01bbd47fc00a2c39e90264f33305004495a9","hash":"b2cace5ad2128aa207c156970cf9f54afb577943"}
,"D:\\SchoolWebsite\\school-app\\src\\components\\pages\\PrePrimary.tsx": {"path":"D:\\SchoolWebsite\\school-app\\src\\components\\pages\\PrePrimary.tsx","statementMap":{"0":{"start":{"line":14,"column":19},"end":{"line":70,"column":1}},"1":{"start":{"line":16,"column":19},"end":{"line":20,"column":9}},"2":{"start":{"line":17,"column":10},"end":{"line":18,"column":42}},"3":{"start":{"line":18,"column":13},"end":{"line":18,"column":41}},"4":{"start":{"line":22,"column":21},"end":{"line":22,"column":34}},"5":{"start":{"line":24,"column":4},"end":{"line":29,"column":10}},"6":{"start":{"line":26,"column":8},"end":{"line":28,"column":61}},"7":{"start":{"line":27,"column":32},"end":{"line":27,"column":66}},"8":{"start":{"line":28,"column":25},"end":{"line":28,"column":60}},"9":{"start":{"line":31,"column":4},"end":{"line":69,"column":5}},"10":{"start":{"line":52,"column":28},"end":{"line":60,"column":31}},"11":{"start":{"line":54,"column":36},"end":{"line":58,"column":41}}},"fnMap":{"0":{"name":"(anonymous_0)","decl":{"start":{"line":14,"column":19},"end":{"line":14,"column":20}},"loc":{"start":{"line":14,"column":39},"end":{"line":70,"column":1}},"line":14},"1":{"name":"(anonymous_1)","decl":{"start":{"line":16,"column":31},"end":{"line":16,"column":32}},"loc":{"start":{"line":17,"column":8},"end":{"line":19,"column":9}},"line":17},"2":{"name":"(anonymous_2)","decl":{"start":{"line":24,"column":14},"end":{"line":24,"column":15}},"loc":{"start":{"line":24,"column":20},"end":{"line":29,"column":5}},"line":24},"3":{"name":"(anonymous_3)","decl":{"start":{"line":27,"column":18},"end":{"line":27,"column":19}},"loc":{"start":{"line":27,"column":32},"end":{"line":27,"column":66}},"line":27},"4":{"name":"(anonymous_4)","decl":{"start":{"line":28,"column":19},"end":{"line":28,"column":20}},"loc":{"start":{"line":28,"column":25},"end":{"line":28,"column":60}},"line":28},"5":{"name":"(anonymous_5)","decl":{"start":{"line":51,"column":51},"end":{"line":51,"column":52}},"loc":{"start":{"line":52,"column":28},"end":{"line":60,"column":31}},"line":52},"6":{"name":"(anonymous_6)","decl":{"start":{"line":53,"column":51},"end":{"line":53,"column":52}},"loc":{"start":{"line":54,"column":36},"end":{"line":58,"column":41}},"line":54}},"branchMap":{"0":{"loc":{"start":{"line":17,"column":10},"end":{"line":18,"column":42}},"type":"if","locations":[{"start":{"line":17,"column":10},"end":{"line":18,"column":42}},{"start":{},"end":{}}],"line":17},"1":{"loc":{"start":{"line":51,"column":32},"end":{"line":61,"column":26}},"type":"binary-expr","locations":[{"start":{"line":51,"column":32},"end":{"line":51,"column":38}},{"start":{"line":51,"column":40},"end":{"line":61,"column":26}}],"line":51}},"s":{"0":1,"1":2,"2":2,"3":0,"4":2,"5":2,"6":2,"7":1,"8":1,"9":2,"10":0,"11":0},"f":{"0":2,"1":2,"2":2,"3":1,"4":1,"5":0,"6":0},"b":{"0":[0,2],"1":[2,0]},"_coverageSchema":"1a1c01bbd47fc00a2c39e90264f33305004495a9","hash":"0fb7d196917e01e09186371dc0e4fb4e205e0e7a"}
,"D:\\SchoolWebsite\\school-app\\src\\components\\pages\\Primary.tsx": {"path":"D:\\SchoolWebsite\\school-app\\src\\components\\pages\\Primary.tsx","statementMap":{"0":{"start":{"line":11,"column":16},"end":{"line":65,"column":1}},"1":{"start":{"line":13,"column":19},"end":{"line":16,"column":6}},"2":{"start":{"line":14,"column":8},"end":{"line":15,"column":37}},"3":{"start":{"line":15,"column":8},"end":{"line":15,"column":36}},"4":{"start":{"line":17,"column":21},"end":{"line":17,"column":34}},"5":{"start":{"line":19,"column":4},"end":{"line":24,"column":10}},"6":{"start":{"line":21,"column":8},"end":{"line":23,"column":61}},"7":{"start":{"line":22,"column":32},"end":{"line":22,"column":66}},"8":{"start":{"line":23,"column":25},"end":{"line":23,"column":60}},"9":{"start":{"line":25,"column":4},"end":{"line":64,"column":5}},"10":{"start":{"line":45,"column":44},"end":{"line":53,"column":47}},"11":{"start":{"line":47,"column":52},"end":{"line":51,"column":57}}},"fnMap":{"0":{"name":"(anonymous_0)","decl":{"start":{"line":11,"column":16},"end":{"line":11,"column":17}},"loc":{"start":{"line":11,"column":22},"end":{"line":65,"column":1}},"line":11},"1":{"name":"(anonymous_1)","decl":{"start":{"line":13,"column":31},"end":{"line":13,"column":32}},"loc":{"start":{"line":13,"column":54},"end":{"line":16,"column":5}},"line":13},"2":{"name":"(anonymous_2)","decl":{"start":{"line":19,"column":14},"end":{"line":19,"column":15}},"loc":{"start":{"line":19,"column":20},"end":{"line":24,"column":5}},"line":19},"3":{"name":"(anonymous_3)","decl":{"start":{"line":22,"column":18},"end":{"line":22,"column":19}},"loc":{"start":{"line":22,"column":32},"end":{"line":22,"column":66}},"line":22},"4":{"name":"(anonymous_4)","decl":{"start":{"line":23,"column":19},"end":{"line":23,"column":20}},"loc":{"start":{"line":23,"column":25},"end":{"line":23,"column":60}},"line":23},"5":{"name":"(anonymous_5)","decl":{"start":{"line":44,"column":59},"end":{"line":44,"column":60}},"loc":{"start":{"line":45,"column":44},"end":{"line":53,"column":47}},"line":45},"6":{"name":"(anonymous_6)","decl":{"start":{"line":46,"column":67},"end":{"line":46,"column":68}},"loc":{"start":{"line":47,"column":52},"end":{"line":51,"column":57}},"line":47}},"branchMap":{"0":{"loc":{"start":{"line":14,"column":8},"end":{"line":15,"column":37}},"type":"if","locations":[{"start":{"line":14,"column":8},"end":{"line":15,"column":37}},{"start":{},"end":{}}],"line":14},"1":{"loc":{"start":{"line":44,"column":40},"end":{"line":54,"column":42}},"type":"binary-expr","locations":[{"start":{"line":44,"column":40},"end":{"line":44,"column":46}},{"start":{"line":44,"column":48},"end":{"line":54,"column":42}}],"line":44}},"s":{"0":1,"1":2,"2":2,"3":0,"4":2,"5":2,"6":2,"7":1,"8":1,"9":2,"10":0,"11":0},"f":{"0":2,"1":2,"2":2,"3":1,"4":1,"5":0,"6":0},"b":{"0":[0,2],"1":[2,0]},"_coverageSchema":"1a1c01bbd47fc00a2c39e90264f33305004495a9","hash":"3cf3e444442e38596acf8aaf8896e15b5a6e86a7"}
,"D:\\SchoolWebsite\\school-app\\src\\components\\pages\\Secondary.tsx": {"path":"D:\\SchoolWebsite\\school-app\\src\\components\\pages\\Secondary.tsx","statementMap":{"0":{"start":{"line":11,"column":18},"end":{"line":67,"column":1}},"1":{"start":{"line":13,"column":19},"end":{"line":16,"column":6}},"2":{"start":{"line":14,"column":8},"end":{"line":15,"column":42}},"3":{"start":{"line":15,"column":13},"end":{"line":15,"column":41}},"4":{"start":{"line":17,"column":21},"end":{"line":17,"column":34}},"5":{"start":{"line":19,"column":4},"end":{"line":24,"column":10}},"6":{"start":{"line":21,"column":8},"end":{"line":23,"column":61}},"7":{"start":{"line":22,"column":32},"end":{"line":22,"column":66}},"8":{"start":{"line":23,"column":25},"end":{"line":23,"column":60}},"9":{"start":{"line":26,"column":4},"end":{"line":66,"column":5}},"10":{"start":{"line":46,"column":44},"end":{"line":54,"column":47}},"11":{"start":{"line":48,"column":52},"end":{"line":52,"column":57}}},"fnMap":{"0":{"name":"(anonymous_0)","decl":{"start":{"line":11,"column":18},"end":{"line":11,"column":19}},"loc":{"start":{"line":11,"column":24},"end":{"line":67,"column":1}},"line":11},"1":{"name":"(anonymous_1)","decl":{"start":{"line":13,"column":31},"end":{"line":13,"column":32}},"loc":{"start":{"line":13,"column":53},"end":{"line":16,"column":5}},"line":13},"2":{"name":"(anonymous_2)","decl":{"start":{"line":19,"column":14},"end":{"line":19,"column":15}},"loc":{"start":{"line":19,"column":20},"end":{"line":24,"column":5}},"line":19},"3":{"name":"(anonymous_3)","decl":{"start":{"line":22,"column":18},"end":{"line":22,"column":19}},"loc":{"start":{"line":22,"column":32},"end":{"line":22,"column":66}},"line":22},"4":{"name":"(anonymous_4)","decl":{"start":{"line":23,"column":19},"end":{"line":23,"column":20}},"loc":{"start":{"line":23,"column":25},"end":{"line":23,"column":60}},"line":23},"5":{"name":"(anonymous_5)","decl":{"start":{"line":45,"column":60},"end":{"line":45,"column":61}},"loc":{"start":{"line":46,"column":44},"end":{"line":54,"column":47}},"line":46},"6":{"name":"(anonymous_6)","decl":{"start":{"line":47,"column":67},"end":{"line":47,"column":68}},"loc":{"start":{"line":48,"column":52},"end":{"line":52,"column":57}},"line":48}},"branchMap":{"0":{"loc":{"start":{"line":14,"column":8},"end":{"line":15,"column":42}},"type":"if","locations":[{"start":{"line":14,"column":8},"end":{"line":15,"column":42}},{"start":{},"end":{}}],"line":14},"1":{"loc":{"start":{"line":45,"column":39},"end":{"line":55,"column":42}},"type":"binary-expr","locations":[{"start":{"line":45,"column":39},"end":{"line":45,"column":45}},{"start":{"line":45,"column":49},"end":{"line":55,"column":42}}],"line":45}},"s":{"0":1,"1":2,"2":2,"3":0,"4":2,"5":2,"6":2,"7":1,"8":1,"9":2,"10":0,"11":0},"f":{"0":2,"1":2,"2":2,"3":1,"4":1,"5":0,"6":0},"b":{"0":[0,2],"1":[2,0]},"_coverageSchema":"1a1c01bbd47fc00a2c39e90264f33305004495a9","hash":"df48a5f8843250462ea348bbe37965843a759cec"}
,"D:\\SchoolWebsite\\school-app\\src\\components\\pages\\StudentPage.tsx": {"path":"D:\\SchoolWebsite\\school-app\\src\\components\\pages\\StudentPage.tsx","statementMap":{"0":{"start":{"line":6,"column":20},"end":{"line":26,"column":1}},"1":{"start":{"line":7,"column":4},"end":{"line":25,"column":5}}},"fnMap":{"0":{"name":"(anonymous_0)","decl":{"start":{"line":6,"column":20},"end":{"line":6,"column":21}},"loc":{"start":{"line":6,"column":26},"end":{"line":26,"column":1}},"line":6}},"branchMap":{},"s":{"0":1,"1":0},"f":{"0":0},"b":{},"_coverageSchema":"1a1c01bbd47fc00a2c39e90264f33305004495a9","hash":"3fcdb2a0ecd6c4ce41925a4914cc75702f6d5692"}
,"D:\\SchoolWebsite\\school-app\\src\\reducer\\AdmissionReducer.ts": {"path":"D:\\SchoolWebsite\\school-app\\src\\reducer\\AdmissionReducer.ts","statementMap":{"0":{"start":{"line":19,"column":35},"end":{"line":21,"column":1}},"1":{"start":{"line":22,"column":30},"end":{"line":30,"column":2}},"2":{"start":{"line":27,"column":12},"end":{"line":27,"column":38}},"3":{"start":{"line":32,"column":34},"end":{"line":32,"column":58}}},"fnMap":{"0":{"name":"(anonymous_0)","decl":{"start":{"line":26,"column":27},"end":{"line":26,"column":28}},"loc":{"start":{"line":26,"column":66},"end":{"line":28,"column":9}},"line":26}},"branchMap":{},"s":{"0":5,"1":5,"2":0,"3":5},"f":{"0":0},"b":{},"_coverageSchema":"1a1c01bbd47fc00a2c39e90264f33305004495a9","hash":"9776c892587507e7a0f5f6c0fba206a1556dee32"}
}
