{"D:\\SchoolWebsite\\school-app\\src\\components\\Footer.tsx": {"path":"D:\\SchoolWebsite\\school-app\\src\\components\\Footer.tsx","statementMap":{"0":{"start":{"line":3,"column":15},"end":{"line":41,"column":1}},"1":{"start":{"line":4,"column":4},"end":{"line":40,"column":5}}},"fnMap":{"0":{"name":"(anonymous_0)","decl":{"start":{"line":3,"column":15},"end":{"line":3,"column":16}},"loc":{"start":{"line":3,"column":21},"end":{"line":41,"column":1}},"line":3}},"branchMap":{},"s":{"0":1,"1":1},"f":{"0":1},"b":{},"_coverageSchema":"1a1c01bbd47fc00a2c39e90264f33305004495a9","hash":"65a48932af28076d9dae34b02ae7ce158f816391"}
,"D:\\SchoolWebsite\\school-app\\src\\components\\Header.tsx": {"path":"D:\\SchoolWebsite\\school-app\\src\\components\\Header.tsx","statementMap":{"0":{"start":{"line":8,"column":15},"end":{"line":37,"column":1}},"1":{"start":{"line":9,"column":2},"end":{"line":36,"column":3}}},"fnMap":{"0":{"name":"(anonymous_0)","decl":{"start":{"line":8,"column":15},"end":{"line":8,"column":16}},"loc":{"start":{"line":8,"column":21},"end":{"line":37,"column":1}},"line":8}},"branchMap":{},"s":{"0":1,"1":1},"f":{"0":1},"b":{},"_coverageSchema":"1a1c01bbd47fc00a2c39e90264f33305004495a9","hash":"ac75ad18af6a4cbc9a493186b35549480d9138ec"}
,"D:\\SchoolWebsite\\school-app\\src\\components\\Home.tsx": {"path":"D:\\SchoolWebsite\\school-app\\src\\components\\Home.tsx","statementMap":{"0":{"start":{"line":9,"column":13},"end":{"line":82,"column":1}},"1":{"start":{"line":10,"column":4},"end":{"line":81,"column":5}}},"fnMap":{"0":{"name":"(anonymous_0)","decl":{"start":{"line":9,"column":13},"end":{"line":9,"column":14}},"loc":{"start":{"line":9,"column":19},"end":{"line":82,"column":1}},"line":9}},"branchMap":{},"s":{"0":1,"1":1},"f":{"0":1},"b":{},"_coverageSchema":"1a1c01bbd47fc00a2c39e90264f33305004495a9","hash":"42e8aa956c56787142167c8bba10d71ba849bf15"}
,"D:\\SchoolWebsite\\school-app\\src\\components\\pages\\AboutUs.tsx": {"path":"D:\\SchoolWebsite\\school-app\\src\\components\\pages\\AboutUs.tsx","statementMap":{"0":{"start":{"line":6,"column":16},"end":{"line":51,"column":1}},"1":{"start":{"line":7,"column":4},"end":{"line":50,"column":5}}},"fnMap":{"0":{"name":"(anonymous_0)","decl":{"start":{"line":6,"column":16},"end":{"line":6,"column":17}},"loc":{"start":{"line":6,"column":22},"end":{"line":51,"column":1}},"line":6}},"branchMap":{},"s":{"0":1,"1":1},"f":{"0":1},"b":{},"_coverageSchema":"1a1c01bbd47fc00a2c39e90264f33305004495a9","hash":"1c47171e9fc2a3c673c7504a3fc715a53f8a5fe9"}
,"D:\\SchoolWebsite\\school-app\\src\\components\\pages\\Admission.tsx": {"path":"D:\\SchoolWebsite\\school-app\\src\\components\\pages\\Admission.tsx","statementMap":{"0":{"start":{"line":12,"column":18},"end":{"line":93,"column":1}},"1":{"start":{"line":14,"column":19},"end":{"line":17,"column":5}},"2":{"start":{"line":15,"column":8},"end":{"line":15,"column":61}},"3":{"start":{"line":15,"column":31},"end":{"line":15,"column":59}},"4":{"start":{"line":18,"column":21},"end":{"line":18,"column":34}},"5":{"start":{"line":20,"column":4},"end":{"line":24,"column":10}},"6":{"start":{"line":21,"column":8},"end":{"line":23,"column":61}},"7":{"start":{"line":22,"column":32},"end":{"line":22,"column":66}},"8":{"start":{"line":23,"column":25},"end":{"line":23,"column":60}},"9":{"start":{"line":26,"column":4},"end":{"line":92,"column":5}}},"fnMap":{"0":{"name":"(anonymous_0)","decl":{"start":{"line":12,"column":18},"end":{"line":12,"column":19}},"loc":{"start":{"line":12,"column":38},"end":{"line":93,"column":1}},"line":12},"1":{"name":"(anonymous_1)","decl":{"start":{"line":14,"column":31},"end":{"line":14,"column":32}},"loc":{"start":{"line":14,"column":53},"end":{"line":16,"column":5}},"line":14},"2":{"name":"(anonymous_2)","decl":{"start":{"line":20,"column":14},"end":{"line":20,"column":15}},"loc":{"start":{"line":20,"column":20},"end":{"line":24,"column":5}},"line":20},"3":{"name":"(anonymous_3)","decl":{"start":{"line":22,"column":18},"end":{"line":22,"column":19}},"loc":{"start":{"line":22,"column":32},"end":{"line":22,"column":66}},"line":22},"4":{"name":"(anonymous_4)","decl":{"start":{"line":23,"column":19},"end":{"line":23,"column":20}},"loc":{"start":{"line":23,"column":25},"end":{"line":23,"column":60}},"line":23}},"branchMap":{"0":{"loc":{"start":{"line":15,"column":8},"end":{"line":15,"column":61}},"type":"if","locations":[{"start":{"line":15,"column":8},"end":{"line":15,"column":61}},{"start":{},"end":{}}],"line":15}},"s":{"0":1,"1":2,"2":2,"3":0,"4":2,"5":2,"6":2,"7":1,"8":1,"9":2},"f":{"0":2,"1":2,"2":2,"3":1,"4":1},"b":{"0":[0,2]},"_coverageSchema":"1a1c01bbd47fc00a2c39e90264f33305004495a9","hash":"05e5ac56b61956e9b752ef08065ebc0550073461"}
,"D:\\SchoolWebsite\\school-app\\src\\components\\pages\\ContactUs.tsx": {"path":"D:\\SchoolWebsite\\school-app\\src\\components\\pages\\ContactUs.tsx","statementMap":{"0":{"start":{"line":14,"column":18},"end":{"line":54,"column":1}},"1":{"start":{"line":15,"column":4},"end":{"line":53,"column":5}}},"fnMap":{"0":{"name":"(anonymous_0)","decl":{"start":{"line":14,"column":18},"end":{"line":14,"column":19}},"loc":{"start":{"line":14,"column":24},"end":{"line":54,"column":1}},"line":14}},"branchMap":{},"s":{"0":1,"1":1},"f":{"0":1},"b":{},"_coverageSchema":"1a1c01bbd47fc00a2c39e90264f33305004495a9","hash":"3da8047d285e2ef35858402ad7ce5087190817b5"}
,"D:\\SchoolWebsite\\school-app\\src\\components\\pages\\PrePrimary.tsx": {"path":"D:\\SchoolWebsite\\school-app\\src\\components\\pages\\PrePrimary.tsx","statementMap":{"0":{"start":{"line":14,"column":19},"end":{"line":69,"column":1}},"1":{"start":{"line":16,"column":19},"end":{"line":20,"column":9}},"2":{"start":{"line":17,"column":10},"end":{"line":18,"column":42}},"3":{"start":{"line":18,"column":13},"end":{"line":18,"column":41}},"4":{"start":{"line":22,"column":21},"end":{"line":22,"column":34}},"5":{"start":{"line":24,"column":4},"end":{"line":28,"column":10}},"6":{"start":{"line":25,"column":8},"end":{"line":27,"column":61}},"7":{"start":{"line":26,"column":32},"end":{"line":26,"column":66}},"8":{"start":{"line":27,"column":25},"end":{"line":27,"column":60}},"9":{"start":{"line":30,"column":4},"end":{"line":68,"column":5}},"10":{"start":{"line":51,"column":28},"end":{"line":59,"column":31}},"11":{"start":{"line":53,"column":36},"end":{"line":57,"column":41}}},"fnMap":{"0":{"name":"(anonymous_0)","decl":{"start":{"line":14,"column":19},"end":{"line":14,"column":20}},"loc":{"start":{"line":14,"column":39},"end":{"line":69,"column":1}},"line":14},"1":{"name":"(anonymous_1)","decl":{"start":{"line":16,"column":31},"end":{"line":16,"column":32}},"loc":{"start":{"line":17,"column":8},"end":{"line":19,"column":9}},"line":17},"2":{"name":"(anonymous_2)","decl":{"start":{"line":24,"column":14},"end":{"line":24,"column":15}},"loc":{"start":{"line":24,"column":20},"end":{"line":28,"column":5}},"line":24},"3":{"name":"(anonymous_3)","decl":{"start":{"line":26,"column":18},"end":{"line":26,"column":19}},"loc":{"start":{"line":26,"column":32},"end":{"line":26,"column":66}},"line":26},"4":{"name":"(anonymous_4)","decl":{"start":{"line":27,"column":19},"end":{"line":27,"column":20}},"loc":{"start":{"line":27,"column":25},"end":{"line":27,"column":60}},"line":27},"5":{"name":"(anonymous_5)","decl":{"start":{"line":50,"column":51},"end":{"line":50,"column":52}},"loc":{"start":{"line":51,"column":28},"end":{"line":59,"column":31}},"line":51},"6":{"name":"(anonymous_6)","decl":{"start":{"line":52,"column":51},"end":{"line":52,"column":52}},"loc":{"start":{"line":53,"column":36},"end":{"line":57,"column":41}},"line":53}},"branchMap":{"0":{"loc":{"start":{"line":17,"column":10},"end":{"line":18,"column":42}},"type":"if","locations":[{"start":{"line":17,"column":10},"end":{"line":18,"column":42}},{"start":{},"end":{}}],"line":17},"1":{"loc":{"start":{"line":50,"column":32},"end":{"line":60,"column":26}},"type":"binary-expr","locations":[{"start":{"line":50,"column":32},"end":{"line":50,"column":38}},{"start":{"line":50,"column":40},"end":{"line":60,"column":26}}],"line":50}},"s":{"0":1,"1":2,"2":2,"3":0,"4":2,"5":2,"6":2,"7":1,"8":1,"9":2,"10":0,"11":0},"f":{"0":2,"1":2,"2":2,"3":1,"4":1,"5":0,"6":0},"b":{"0":[0,2],"1":[2,0]},"_coverageSchema":"1a1c01bbd47fc00a2c39e90264f33305004495a9","hash":"522e47da24cace970affb3ae16ec16b61fb00dab"}
,"D:\\SchoolWebsite\\school-app\\src\\components\\pages\\Primary.tsx": {"path":"D:\\SchoolWebsite\\school-app\\src\\components\\pages\\Primary.tsx","statementMap":{"0":{"start":{"line":11,"column":16},"end":{"line":64,"column":1}},"1":{"start":{"line":13,"column":19},"end":{"line":16,"column":6}},"2":{"start":{"line":14,"column":8},"end":{"line":15,"column":37}},"3":{"start":{"line":15,"column":8},"end":{"line":15,"column":36}},"4":{"start":{"line":17,"column":21},"end":{"line":17,"column":34}},"5":{"start":{"line":19,"column":4},"end":{"line":23,"column":10}},"6":{"start":{"line":20,"column":8},"end":{"line":22,"column":61}},"7":{"start":{"line":21,"column":32},"end":{"line":21,"column":66}},"8":{"start":{"line":22,"column":25},"end":{"line":22,"column":60}},"9":{"start":{"line":24,"column":4},"end":{"line":63,"column":5}},"10":{"start":{"line":44,"column":44},"end":{"line":52,"column":47}},"11":{"start":{"line":46,"column":52},"end":{"line":50,"column":57}}},"fnMap":{"0":{"name":"(anonymous_0)","decl":{"start":{"line":11,"column":16},"end":{"line":11,"column":17}},"loc":{"start":{"line":11,"column":22},"end":{"line":64,"column":1}},"line":11},"1":{"name":"(anonymous_1)","decl":{"start":{"line":13,"column":31},"end":{"line":13,"column":32}},"loc":{"start":{"line":13,"column":54},"end":{"line":16,"column":5}},"line":13},"2":{"name":"(anonymous_2)","decl":{"start":{"line":19,"column":14},"end":{"line":19,"column":15}},"loc":{"start":{"line":19,"column":20},"end":{"line":23,"column":5}},"line":19},"3":{"name":"(anonymous_3)","decl":{"start":{"line":21,"column":18},"end":{"line":21,"column":19}},"loc":{"start":{"line":21,"column":32},"end":{"line":21,"column":66}},"line":21},"4":{"name":"(anonymous_4)","decl":{"start":{"line":22,"column":19},"end":{"line":22,"column":20}},"loc":{"start":{"line":22,"column":25},"end":{"line":22,"column":60}},"line":22},"5":{"name":"(anonymous_5)","decl":{"start":{"line":43,"column":59},"end":{"line":43,"column":60}},"loc":{"start":{"line":44,"column":44},"end":{"line":52,"column":47}},"line":44},"6":{"name":"(anonymous_6)","decl":{"start":{"line":45,"column":67},"end":{"line":45,"column":68}},"loc":{"start":{"line":46,"column":52},"end":{"line":50,"column":57}},"line":46}},"branchMap":{"0":{"loc":{"start":{"line":14,"column":8},"end":{"line":15,"column":37}},"type":"if","locations":[{"start":{"line":14,"column":8},"end":{"line":15,"column":37}},{"start":{},"end":{}}],"line":14},"1":{"loc":{"start":{"line":43,"column":40},"end":{"line":53,"column":42}},"type":"binary-expr","locations":[{"start":{"line":43,"column":40},"end":{"line":43,"column":46}},{"start":{"line":43,"column":48},"end":{"line":53,"column":42}}],"line":43}},"s":{"0":1,"1":2,"2":2,"3":0,"4":2,"5":2,"6":2,"7":1,"8":1,"9":2,"10":0,"11":0},"f":{"0":2,"1":2,"2":2,"3":1,"4":1,"5":0,"6":0},"b":{"0":[0,2],"1":[2,0]},"_coverageSchema":"1a1c01bbd47fc00a2c39e90264f33305004495a9","hash":"ec0141b7041b35d8aeaeaf40430506ebf5cd5430"}
,"D:\\SchoolWebsite\\school-app\\src\\components\\pages\\Secondary.tsx": {"path":"D:\\SchoolWebsite\\school-app\\src\\components\\pages\\Secondary.tsx","statementMap":{"0":{"start":{"line":11,"column":18},"end":{"line":66,"column":1}},"1":{"start":{"line":13,"column":19},"end":{"line":16,"column":6}},"2":{"start":{"line":14,"column":8},"end":{"line":15,"column":42}},"3":{"start":{"line":15,"column":13},"end":{"line":15,"column":41}},"4":{"start":{"line":17,"column":21},"end":{"line":17,"column":34}},"5":{"start":{"line":19,"column":4},"end":{"line":23,"column":10}},"6":{"start":{"line":20,"column":8},"end":{"line":22,"column":61}},"7":{"start":{"line":21,"column":32},"end":{"line":21,"column":66}},"8":{"start":{"line":22,"column":25},"end":{"line":22,"column":60}},"9":{"start":{"line":25,"column":4},"end":{"line":65,"column":5}},"10":{"start":{"line":45,"column":44},"end":{"line":53,"column":47}},"11":{"start":{"line":47,"column":52},"end":{"line":51,"column":57}}},"fnMap":{"0":{"name":"(anonymous_0)","decl":{"start":{"line":11,"column":18},"end":{"line":11,"column":19}},"loc":{"start":{"line":11,"column":24},"end":{"line":66,"column":1}},"line":11},"1":{"name":"(anonymous_1)","decl":{"start":{"line":13,"column":31},"end":{"line":13,"column":32}},"loc":{"start":{"line":13,"column":53},"end":{"line":16,"column":5}},"line":13},"2":{"name":"(anonymous_2)","decl":{"start":{"line":19,"column":14},"end":{"line":19,"column":15}},"loc":{"start":{"line":19,"column":20},"end":{"line":23,"column":5}},"line":19},"3":{"name":"(anonymous_3)","decl":{"start":{"line":21,"column":18},"end":{"line":21,"column":19}},"loc":{"start":{"line":21,"column":32},"end":{"line":21,"column":66}},"line":21},"4":{"name":"(anonymous_4)","decl":{"start":{"line":22,"column":19},"end":{"line":22,"column":20}},"loc":{"start":{"line":22,"column":25},"end":{"line":22,"column":60}},"line":22},"5":{"name":"(anonymous_5)","decl":{"start":{"line":44,"column":60},"end":{"line":44,"column":61}},"loc":{"start":{"line":45,"column":44},"end":{"line":53,"column":47}},"line":45},"6":{"name":"(anonymous_6)","decl":{"start":{"line":46,"column":67},"end":{"line":46,"column":68}},"loc":{"start":{"line":47,"column":52},"end":{"line":51,"column":57}},"line":47}},"branchMap":{"0":{"loc":{"start":{"line":14,"column":8},"end":{"line":15,"column":42}},"type":"if","locations":[{"start":{"line":14,"column":8},"end":{"line":15,"column":42}},{"start":{},"end":{}}],"line":14},"1":{"loc":{"start":{"line":44,"column":39},"end":{"line":54,"column":42}},"type":"binary-expr","locations":[{"start":{"line":44,"column":39},"end":{"line":44,"column":45}},{"start":{"line":44,"column":49},"end":{"line":54,"column":42}}],"line":44}},"s":{"0":1,"1":2,"2":2,"3":0,"4":2,"5":2,"6":2,"7":1,"8":1,"9":2,"10":0,"11":0},"f":{"0":2,"1":2,"2":2,"3":1,"4":1,"5":0,"6":0},"b":{"0":[0,2],"1":[2,0]},"_coverageSchema":"1a1c01bbd47fc00a2c39e90264f33305004495a9","hash":"079678151e427637d2e003541ace7de6a712c850"}
}
