TN:
SF:src\components\Footer.tsx
FN:3,(anonymous_0)
FNF:1
FNH:1
FNDA:1,(anonymous_0)
DA:3,1
DA:4,1
LF:2
LH:2
BRF:0
BRH:0
end_of_record
TN:
SF:src\components\Header.tsx
FN:8,(anonymous_0)
FNF:1
FNH:1
FNDA:1,(anonymous_0)
DA:8,1
DA:9,1
LF:2
LH:2
BRF:0
BRH:0
end_of_record
TN:
SF:src\components\Home.tsx
FN:9,(anonymous_0)
FNF:1
FNH:1
FNDA:1,(anonymous_0)
DA:9,1
DA:10,1
LF:2
LH:2
BRF:0
BRH:0
end_of_record
TN:
SF:src\components\pages\AboutUs.tsx
FN:6,(anonymous_0)
FNF:1
FNH:1
FNDA:1,(anonymous_0)
DA:6,1
DA:7,1
LF:2
LH:2
BRF:0
BRH:0
end_of_record
TN:
SF:src\components\pages\Admission.tsx
FN:12,(anonymous_0)
FN:14,(anonymous_1)
FN:20,(anonymous_2)
FN:22,(anonymous_3)
FN:23,(anonymous_4)
FNF:5
FNH:5
FNDA:2,(anonymous_0)
FNDA:2,(anonymous_1)
FNDA:2,(anonymous_2)
FNDA:1,(anonymous_3)
FNDA:1,(anonymous_4)
DA:12,1
DA:14,2
DA:15,2
DA:18,2
DA:20,2
DA:21,2
DA:22,1
DA:23,1
DA:26,2
LF:9
LH:9
BRDA:15,0,0,0
BRDA:15,0,1,2
BRF:2
BRH:1
end_of_record
TN:
SF:src\components\pages\ContactUs.tsx
FN:14,(anonymous_0)
FNF:1
FNH:1
FNDA:1,(anonymous_0)
DA:14,1
DA:15,1
LF:2
LH:2
BRF:0
BRH:0
end_of_record
TN:
SF:src\components\pages\PrePrimary.tsx
FN:14,(anonymous_0)
FN:16,(anonymous_1)
FN:24,(anonymous_2)
FN:26,(anonymous_3)
FN:27,(anonymous_4)
FN:50,(anonymous_5)
FN:52,(anonymous_6)
FNF:7
FNH:5
FNDA:2,(anonymous_0)
FNDA:2,(anonymous_1)
FNDA:2,(anonymous_2)
FNDA:1,(anonymous_3)
FNDA:1,(anonymous_4)
FNDA:0,(anonymous_5)
FNDA:0,(anonymous_6)
DA:14,1
DA:16,2
DA:17,2
DA:18,0
DA:22,2
DA:24,2
DA:25,2
DA:26,1
DA:27,1
DA:30,2
DA:51,0
DA:53,0
LF:12
LH:9
BRDA:17,0,0,0
BRDA:17,0,1,2
BRDA:50,1,0,2
BRDA:50,1,1,0
BRF:4
BRH:2
end_of_record
TN:
SF:src\components\pages\Primary.tsx
FN:11,(anonymous_0)
FN:13,(anonymous_1)
FN:19,(anonymous_2)
FN:21,(anonymous_3)
FN:22,(anonymous_4)
FN:43,(anonymous_5)
FN:45,(anonymous_6)
FNF:7
FNH:5
FNDA:2,(anonymous_0)
FNDA:2,(anonymous_1)
FNDA:2,(anonymous_2)
FNDA:1,(anonymous_3)
FNDA:1,(anonymous_4)
FNDA:0,(anonymous_5)
FNDA:0,(anonymous_6)
DA:11,1
DA:13,2
DA:14,2
DA:15,0
DA:17,2
DA:19,2
DA:20,2
DA:21,1
DA:22,1
DA:24,2
DA:44,0
DA:46,0
LF:12
LH:9
BRDA:14,0,0,0
BRDA:14,0,1,2
BRDA:43,1,0,2
BRDA:43,1,1,0
BRF:4
BRH:2
end_of_record
TN:
SF:src\components\pages\Secondary.tsx
FN:11,(anonymous_0)
FN:13,(anonymous_1)
FN:19,(anonymous_2)
FN:21,(anonymous_3)
FN:22,(anonymous_4)
FN:44,(anonymous_5)
FN:46,(anonymous_6)
FNF:7
FNH:5
FNDA:2,(anonymous_0)
FNDA:2,(anonymous_1)
FNDA:2,(anonymous_2)
FNDA:1,(anonymous_3)
FNDA:1,(anonymous_4)
FNDA:0,(anonymous_5)
FNDA:0,(anonymous_6)
DA:11,1
DA:13,2
DA:14,2
DA:15,0
DA:17,2
DA:19,2
DA:20,2
DA:21,1
DA:22,1
DA:25,2
DA:45,0
DA:47,0
LF:12
LH:9
BRDA:14,0,0,0
BRDA:14,0,1,2
BRDA:44,1,0,2
BRDA:44,1,1,0
BRF:4
BRH:2
end_of_record
