TN:
SF:src\App.tsx
FN:20,(anonymous_0)
FN:21,(anonymous_1)
FN:22,(anonymous_2)
FN:25,App
FNF:4
FNH:1
FNDA:0,(anonymous_0)
FNDA:0,(anonymous_1)
FNDA:0,(anonymous_2)
FNDA:1,App
DA:20,1
DA:21,1
DA:22,1
DA:26,1
LF:4
LH:4
BRF:0
BRH:0
end_of_record
TN:
SF:src\components\Footer.tsx
FN:3,(anonymous_0)
FNF:1
FNH:1
FNDA:2,(anonymous_0)
DA:3,2
DA:4,2
LF:2
LH:2
BRF:0
BRH:0
end_of_record
TN:
SF:src\components\Header.tsx
FN:8,(anonymous_0)
FNF:1
FNH:1
FNDA:2,(anonymous_0)
DA:8,2
DA:9,2
LF:2
LH:2
BRF:0
BRH:0
end_of_record
TN:
SF:src\components\Home.tsx
FN:9,(anonymous_0)
FNF:1
FNH:1
FNDA:2,(anonymous_0)
DA:9,2
DA:10,2
LF:2
LH:2
BRF:0
BRH:0
end_of_record
TN:
SF:src\components\SchoolImg.tsx
FN:4,(anonymous_0)
FNF:1
FNH:1
FNDA:2,(anonymous_0)
DA:4,2
DA:5,2
LF:2
LH:2
BRF:0
BRH:0
end_of_record
TN:
SF:src\components\SocialFlow.tsx
FN:10,SocialFlow
FNF:1
FNH:1
FNDA:2,SocialFlow
DA:11,2
LF:1
LH:1
BRF:0
BRH:0
end_of_record
TN:
SF:src\components\pages\AboutUs.tsx
FN:6,(anonymous_0)
FNF:1
FNH:1
FNDA:1,(anonymous_0)
DA:6,2
DA:7,1
LF:2
LH:2
BRF:0
BRH:0
end_of_record
TN:
SF:src\components\pages\Admission.tsx
FN:14,(anonymous_0)
FN:16,(anonymous_1)
FN:22,(anonymous_2)
FN:24,(anonymous_3)
FN:25,(anonymous_4)
FN:54,(anonymous_5)
FN:60,(anonymous_6)
FNF:7
FNH:6
FNDA:3,(anonymous_0)
FNDA:3,(anonymous_1)
FNDA:2,(anonymous_2)
FNDA:1,(anonymous_3)
FNDA:1,(anonymous_4)
FNDA:1,(anonymous_5)
FNDA:0,(anonymous_6)
DA:14,2
DA:15,3
DA:16,3
DA:17,3
DA:20,3
DA:22,3
DA:23,2
DA:24,1
DA:25,1
DA:29,3
DA:54,1
DA:60,0
LF:12
LH:11
BRDA:17,0,0,0
BRDA:17,0,1,3
BRF:2
BRH:1
end_of_record
TN:
SF:src\components\pages\ContactUs.tsx
FN:14,(anonymous_0)
FNF:1
FNH:1
FNDA:1,(anonymous_0)
DA:14,2
DA:15,1
LF:2
LH:2
BRF:0
BRH:0
end_of_record
TN:
SF:src\components\pages\GoogleMap.tsx
FN:6,(anonymous_0)
FNF:1
FNH:1
FNDA:2,(anonymous_0)
DA:6,3
DA:7,2
DA:8,2
DA:9,2
LF:4
LH:4
BRF:0
BRH:0
end_of_record
TN:
SF:src\components\pages\Marker.tsx
FN:4,(anonymous_0)
FNF:1
FNH:1
FNDA:2,(anonymous_0)
DA:4,3
DA:5,2
DA:6,2
LF:3
LH:3
BRF:0
BRH:0
end_of_record
TN:
SF:src\components\pages\PageNotFound.tsx
FN:3,(anonymous_0)
FNF:1
FNH:1
FNDA:1,(anonymous_0)
DA:3,2
DA:4,1
LF:2
LH:2
BRF:0
BRH:0
end_of_record
TN:
SF:src\components\pages\PrePrimary.tsx
FN:14,(anonymous_0)
FN:16,(anonymous_1)
FN:24,(anonymous_2)
FN:27,(anonymous_3)
FN:28,(anonymous_4)
FN:51,(anonymous_5)
FN:53,(anonymous_6)
FNF:7
FNH:5
FNDA:2,(anonymous_0)
FNDA:2,(anonymous_1)
FNDA:2,(anonymous_2)
FNDA:1,(anonymous_3)
FNDA:1,(anonymous_4)
FNDA:0,(anonymous_5)
FNDA:0,(anonymous_6)
DA:14,1
DA:16,2
DA:17,2
DA:18,0
DA:22,2
DA:24,2
DA:26,2
DA:27,1
DA:28,1
DA:31,2
DA:52,0
DA:54,0
LF:12
LH:9
BRDA:17,0,0,0
BRDA:17,0,1,2
BRDA:51,1,0,2
BRDA:51,1,1,0
BRF:4
BRH:2
end_of_record
TN:
SF:src\components\pages\Primary.tsx
FN:11,(anonymous_0)
FN:13,(anonymous_1)
FN:19,(anonymous_2)
FN:22,(anonymous_3)
FN:23,(anonymous_4)
FN:44,(anonymous_5)
FN:46,(anonymous_6)
FNF:7
FNH:5
FNDA:2,(anonymous_0)
FNDA:2,(anonymous_1)
FNDA:2,(anonymous_2)
FNDA:1,(anonymous_3)
FNDA:1,(anonymous_4)
FNDA:0,(anonymous_5)
FNDA:0,(anonymous_6)
DA:11,1
DA:13,2
DA:14,2
DA:15,0
DA:17,2
DA:19,2
DA:21,2
DA:22,1
DA:23,1
DA:25,2
DA:45,0
DA:47,0
LF:12
LH:9
BRDA:14,0,0,0
BRDA:14,0,1,2
BRDA:44,1,0,2
BRDA:44,1,1,0
BRF:4
BRH:2
end_of_record
TN:
SF:src\components\pages\Secondary.tsx
FN:11,(anonymous_0)
FN:13,(anonymous_1)
FN:19,(anonymous_2)
FN:22,(anonymous_3)
FN:23,(anonymous_4)
FN:45,(anonymous_5)
FN:47,(anonymous_6)
FNF:7
FNH:5
FNDA:2,(anonymous_0)
FNDA:2,(anonymous_1)
FNDA:2,(anonymous_2)
FNDA:1,(anonymous_3)
FNDA:1,(anonymous_4)
FNDA:0,(anonymous_5)
FNDA:0,(anonymous_6)
DA:11,1
DA:13,2
DA:14,2
DA:15,0
DA:17,2
DA:19,2
DA:21,2
DA:22,1
DA:23,1
DA:26,2
DA:46,0
DA:48,0
LF:12
LH:9
BRDA:14,0,0,0
BRDA:14,0,1,2
BRDA:45,1,0,2
BRDA:45,1,1,0
BRF:4
BRH:2
end_of_record
TN:
SF:src\components\pages\StudentPage.tsx
FN:6,(anonymous_0)
FNF:1
FNH:0
FNDA:0,(anonymous_0)
DA:6,1
DA:7,0
LF:2
LH:1
BRF:0
BRH:0
end_of_record
TN:
SF:src\reducer\AdmissionReducer.ts
FN:26,(anonymous_0)
FNF:1
FNH:0
FNDA:0,(anonymous_0)
DA:19,5
DA:22,5
DA:27,0
DA:32,5
LF:4
LH:3
BRF:0
BRH:0
end_of_record
